<?xml version="1.0" encoding="UTF-8"?>
<!-- Generated by org.testng.reporters.JUnitXMLReporter -->
<testsuite ignored="0" hostname="DESKTOP-0VDC3AM" failures="0" tests="4" name="Command line test" time="0.857" errors="0" timestamp="2023-05-22T22:59:14 EEST">
  <testcase classname="ConnectionFactoryTest" name="testCloseConnection" time="0.599"/>
  <testcase classname="ConnectionFactoryTest" name="testCloseResultSet" time="0.08"/>
  <testcase classname="ConnectionFactoryTest" name="testCloseStatement" time="0.05"/>
  <testcase classname="ConnectionFactoryTest" name="testCreateConnection" time="0.043"/>
</testsuite> <!-- Command line test -->
